<?xml version="1.0" encoding="UTF-8"?>
<!-- Generated by org.testng.reporters.JUnitReportReporter -->
<testsuite hostname="sa-OptiPlex" failures="0" tests="3" name="SwagLabs.Test_Case.Login_Test" time="17.410" errors="0" timestamp="24 Nov 2024 05:53:13 GMT" skipped="0">
  <testcase classname="SwagLabs.Test_Case.Login_Test" name="TC02_LoginFailureTest" time="3.312"/>
  <testcase classname="SwagLabs.Test_Case.Login_Test" name="TC03_LockedUserTest" time="3.208"/>
  <testcase classname="SwagLabs.Test_Case.Login_Test" name="TC01_LoginSuccessTest" time="10.890"/>
</testsuite> <!-- SwagLabs.Test_Case.Login_Test -->
